<?xml version="1.0" encoding="UTF-8"?>
<!-- Generated by org.testng.reporters.JUnitXMLReporter -->
<testsuite ignored="0" hostname="LAPTOP-FP41D9PS" failures="0" tests="11" name="Default test" time="6.658" errors="0" timestamp="04 Jun 2023 00:27:13 GMT">
  <testcase classname="reports.Attendance_Summary_TestNG" name="@BeforeTest LaunchApp" time="6.194">
    <failure type="org.openqa.selenium.NoSuchWindowException" message="no such window: target window already closed
from unknown error: web view not found
  (Session info: chrome=114.0.5735.90)
Build info: version: &amp;apos;4.8.3&amp;apos;, revision: &amp;apos;b19b418e60&amp;apos;
System info: os.name: &amp;apos;Windows 10&amp;apos;, os.arch: &amp;apos;amd64&amp;apos;, os.version: &amp;apos;10.0&amp;apos;, java.version: &amp;apos;19.0.1&amp;apos;
Driver info: org.openqa.selenium.chrome.ChromeDriver
Command: [39feb65047d18a8b43f30b1e9429cad6, maximizeCurrentWindow {}]
Capabilities {acceptInsecureCerts: false, browserName: chrome, browserVersion: 114.0.5735.90, chrome: {chromedriverVersion: 113.0.5672.63 (0e1a4471d5ae..., userDataDir: C:\Users\SREEHA~1\AppData\L...}, goog:chromeOptions: {debuggerAddress: localhost:56374}, networkConnectionEnabled: false, pageLoadStrategy: normal, platformName: WINDOWS, proxy: Proxy(), se:cdp: ws://localhost:56374/devtoo..., se:cdpVersion: 114.0.5735.90, setWindowRect: true, strictFileInteractability: false, timeouts: {implicit: 0, pageLoad: 300000, script: 30000}, unhandledPromptBehavior: dismiss and notify, webauthn:extension:credBlob: true, webauthn:extension:largeBlob: true, webauthn:extension:minPinLength: true, webauthn:extension:prf: true, webauthn:virtualAuthenticators: true}
Session ID: 39feb65047d18a8b43f30b1e9429cad6">
      <![CDATA[org.openqa.selenium.NoSuchWindowException: no such window: target window already closed
from unknown error: web view not found
  (Session info: chrome=114.0.5735.90)
Build info: version: '4.8.3', revision: 'b19b418e60'
System info: os.name: 'Windows 10', os.arch: 'amd64', os.version: '10.0', java.version: '19.0.1'
Driver info: org.openqa.selenium.chrome.ChromeDriver
Command: [39feb65047d18a8b43f30b1e9429cad6, maximizeCurrentWindow {}]
Capabilities {acceptInsecureCerts: false, browserName: chrome, browserVersion: 114.0.5735.90, chrome: {chromedriverVersion: 113.0.5672.63 (0e1a4471d5ae..., userDataDir: C:\Users\SREEHA~1\AppData\L...}, goog:chromeOptions: {debuggerAddress: localhost:56374}, networkConnectionEnabled: false, pageLoadStrategy: normal, platformName: WINDOWS, proxy: Proxy(), se:cdp: ws://localhost:56374/devtoo..., se:cdpVersion: 114.0.5735.90, setWindowRect: true, strictFileInteractability: false, timeouts: {implicit: 0, pageLoad: 300000, script: 30000}, unhandledPromptBehavior: dismiss and notify, webauthn:extension:credBlob: true, webauthn:extension:largeBlob: true, webauthn:extension:minPinLength: true, webauthn:extension:prf: true, webauthn:virtualAuthenticators: true}
Session ID: 39feb65047d18a8b43f30b1e9429cad6
at java.base/jdk.internal.reflect.DirectConstructorHandleAccessor.newInstance(DirectConstructorHandleAccessor.java:67)
at java.base/java.lang.reflect.Constructor.newInstanceWithCaller(Constructor.java:500)
at java.base/java.lang.reflect.Constructor.newInstance(Constructor.java:484)
at org.openqa.selenium.remote.codec.w3c.W3CHttpResponseCodec.createException(W3CHttpResponseCodec.java:200)
at org.openqa.selenium.remote.codec.w3c.W3CHttpResponseCodec.decode(W3CHttpResponseCodec.java:133)
at org.openqa.selenium.remote.codec.w3c.W3CHttpResponseCodec.decode(W3CHttpResponseCodec.java:53)
at org.openqa.selenium.remote.HttpCommandExecutor.execute(HttpCommandExecutor.java:193)
at org.openqa.selenium.remote.service.DriverCommandExecutor.invokeExecute(DriverCommandExecutor.java:183)
at org.openqa.selenium.remote.service.DriverCommandExecutor.execute(DriverCommandExecutor.java:158)
at org.openqa.selenium.remote.RemoteWebDriver.execute(RemoteWebDriver.java:543)
at org.openqa.selenium.remote.RemoteWebDriver.execute(RemoteWebDriver.java:598)
at org.openqa.selenium.remote.RemoteWebDriver.execute(RemoteWebDriver.java:602)
at org.openqa.selenium.remote.RemoteWebDriver$RemoteWebDriverOptions$RemoteWindow.maximize(RemoteWebDriver.java:953)
at reports.Attendance_Summary_TestNG.LaunchApp(Attendance_Summary_TestNG.java:33)
at java.base/jdk.internal.reflect.DirectMethodHandleAccessor.invoke(DirectMethodHandleAccessor.java:104)
at java.base/java.lang.reflect.Method.invoke(Method.java:578)
at org.testng.internal.MethodInvocationHelper.invokeMethod(MethodInvocationHelper.java:124)
at org.testng.internal.MethodInvocationHelper.invokeMethodConsideringTimeout(MethodInvocationHelper.java:59)
at org.testng.internal.Invoker.invokeConfigurationMethod(Invoker.java:458)
at org.testng.internal.Invoker.invokeConfigurations(Invoker.java:222)
at org.testng.internal.Invoker.invokeConfigurations(Invoker.java:142)
at org.testng.TestRunner.beforeRun(TestRunner.java:529)
at org.testng.TestRunner.run(TestRunner.java:497)
at org.testng.SuiteRunner.runTest(SuiteRunner.java:455)
at org.testng.SuiteRunner.runSequentially(SuiteRunner.java:450)
at org.testng.SuiteRunner.privateRun(SuiteRunner.java:415)
at org.testng.SuiteRunner.run(SuiteRunner.java:364)
at org.testng.SuiteRunnerWorker.runSuite(SuiteRunnerWorker.java:52)
at org.testng.SuiteRunnerWorker.run(SuiteRunnerWorker.java:84)
at org.testng.TestNG.runSuitesSequentially(TestNG.java:1208)
at org.testng.TestNG.runSuitesLocally(TestNG.java:1137)
at org.testng.TestNG.runSuites(TestNG.java:1049)
at org.testng.TestNG.run(TestNG.java:1017)
at org.testng.remote.AbstractRemoteTestNG.run(AbstractRemoteTestNG.java:115)
at org.testng.remote.RemoteTestNG.initAndRun(RemoteTestNG.java:251)
at org.testng.remote.RemoteTestNG.main(RemoteTestNG.java:77)
]]>
    </failure>
  </testcase> <!-- @BeforeTest LaunchApp -->
  <testcase classname="attendance.Configuration_TestNg" name="@BeforeTest LaunchApp" time="0.0">
    <skipped/>
  </testcase> <!-- @BeforeTest LaunchApp -->
  <testcase classname="projectinfo.Coustmers_TestNG" name="@BeforeTest LaunchApp" time="0.0">
    <skipped/>
  </testcase> <!-- @BeforeTest LaunchApp -->
  <testcase classname="attendance.Employee_Record_TestNG" name="@BeforeTest LaunchApp" time="0.0">
    <skipped/>
  </testcase> <!-- @BeforeTest LaunchApp -->
  <testcase classname="reports.Employee_Reports_TestNG" name="@BeforeTest LaunchApp" time="0.0">
    <skipped/>
  </testcase> <!-- @BeforeTest LaunchApp -->
  <testcase classname="timesheet.Employee_Time_Sheet_TestNg" name="@BeforeTest LaunchApp" time="0.0">
    <skipped/>
  </testcase> <!-- @BeforeTest LaunchApp -->
  <testcase classname="attendance.My_Records_TestNG" name="@BeforeTest LaunchApp" time="0.0">
    <skipped/>
  </testcase> <!-- @BeforeTest LaunchApp -->
  <testcase classname="timesheet.My_Time_Sheet_TestNG" name="@BeforeTest LaunchApp" time="0.0">
    <skipped/>
  </testcase> <!-- @BeforeTest LaunchApp -->
  <testcase classname="reports.Project_Reports_Testng" name="@BeforeTest LaunchApp" time="0.0">
    <skipped/>
  </testcase> <!-- @BeforeTest LaunchApp -->
  <testcase classname="projectinfo.Projects_TestNG" name="@BeforeTest LaunchApp" time="0.0">
    <skipped/>
  </testcase> <!-- @BeforeTest LaunchApp -->
  <testcase classname="attendance.Punch_In_Out_TestNG" name="@BeforeTest LaunchApp" time="0.0">
    <skipped/>
  </testcase> <!-- @BeforeTest LaunchApp -->
  <testcase classname="reports.Attendance_Summary_TestNG" name="@AfterTest CloseApp" time="0.0">
    <skipped/>
  </testcase> <!-- @AfterTest CloseApp -->
  <testcase classname="attendance.Configuration_TestNg" name="@AfterTest CloseApp" time="0.0">
    <skipped/>
  </testcase> <!-- @AfterTest CloseApp -->
  <testcase classname="projectinfo.Coustmers_TestNG" name="@AfterTest CloseApp" time="0.0">
    <skipped/>
  </testcase> <!-- @AfterTest CloseApp -->
  <testcase classname="attendance.Employee_Record_TestNG" name="@AfterTest CloseApp" time="0.0">
    <skipped/>
  </testcase> <!-- @AfterTest CloseApp -->
  <testcase classname="reports.Employee_Reports_TestNG" name="@AfterTest CloseApp" time="0.0">
    <skipped/>
  </testcase> <!-- @AfterTest CloseApp -->
  <testcase classname="timesheet.Employee_Time_Sheet_TestNg" name="@AfterTest CloseApp" time="0.0">
    <skipped/>
  </testcase> <!-- @AfterTest CloseApp -->
  <testcase classname="attendance.My_Records_TestNG" name="@AfterTest CloseApp" time="0.0">
    <skipped/>
  </testcase> <!-- @AfterTest CloseApp -->
  <testcase classname="timesheet.My_Time_Sheet_TestNG" name="@AfterTest CloseApp" time="0.0">
    <skipped/>
  </testcase> <!-- @AfterTest CloseApp -->
  <testcase classname="reports.Project_Reports_Testng" name="@AfterTest CloseApp" time="0.0">
    <skipped/>
  </testcase> <!-- @AfterTest CloseApp -->
  <testcase classname="projectinfo.Projects_TestNG" name="@AfterTest CloseApp" time="0.0">
    <skipped/>
  </testcase> <!-- @AfterTest CloseApp -->
  <testcase classname="attendance.Punch_In_Out_TestNG" name="@AfterTest CloseApp" time="0.0">
    <skipped/>
  </testcase> <!-- @AfterTest CloseApp -->
  <testcase classname="timesheet.My_Time_Sheet_TestNG" name="ValidationApp" time="0.0">
    <skipped/>
  </testcase> <!-- ValidationApp -->
  <testcase classname="projectinfo.Projects_TestNG" name="ValidationApp" time="0.0">
    <skipped/>
  </testcase> <!-- ValidationApp -->
  <testcase classname="reports.Project_Reports_Testng" name="ValidationApp" time="0.0">
    <skipped/>
  </testcase> <!-- ValidationApp -->
  <testcase classname="projectinfo.Coustmers_TestNG" name="ValidationApp" time="0.0">
    <skipped/>
  </testcase> <!-- ValidationApp -->
  <testcase classname="attendance.Punch_In_Out_TestNG" name="ValidationApp" time="0.0">
    <skipped/>
  </testcase> <!-- ValidationApp -->
  <testcase classname="attendance.My_Records_TestNG" name="ValidationApp" time="0.0">
    <skipped/>
  </testcase> <!-- ValidationApp -->
  <testcase classname="attendance.Configuration_TestNg" name="ValidationApp" time="0.0">
    <skipped/>
  </testcase> <!-- ValidationApp -->
  <testcase classname="reports.Employee_Reports_TestNG" name="ValidationApp" time="0.0">
    <skipped/>
  </testcase> <!-- ValidationApp -->
  <testcase classname="timesheet.Employee_Time_Sheet_TestNg" name="ValidationApp" time="0.0">
    <skipped/>
  </testcase> <!-- ValidationApp -->
  <testcase classname="reports.Attendance_Summary_TestNG" name="ValidationApp" time="0.0">
    <skipped/>
  </testcase> <!-- ValidationApp -->
  <testcase classname="attendance.Employee_Record_TestNG" name="ValidationApp" time="0.0">
    <skipped/>
  </testcase> <!-- ValidationApp -->
</testsuite> <!-- Default test -->
