<?xml version="1.0" encoding="UTF-8"?>
<!-- Generated by org.testng.reporters.JUnitXMLReporter -->
<testsuite ignored="0" hostname="LAPTOP-FP41D9PS" failures="0" tests="11" name="Smoke Test" time="589.522" errors="0" timestamp="04 Jun 2023 00:37:28 GMT">
  <testcase classname="reports.Project_Reports_Testng" name="ValidationApp" time="52.953"/>
  <testcase classname="reports.Employee_Reports_TestNG" name="ValidationApp" time="45.533"/>
  <testcase classname="reports.Attendance_Summary_TestNG" name="ValidationApp" time="38.716"/>
  <testcase classname="projectinfo.Coustmers_TestNG" name="ValidationApp" time="37.118"/>
  <testcase classname="projectinfo.Projects_TestNG" name="ValidationApp" time="35.04"/>
  <testcase classname="attendance.My_Records_TestNG" name="ValidationApp" time="29.424"/>
  <testcase classname="attendance.Employee_Record_TestNG" name="ValidationApp" time="43.508"/>
  <testcase classname="attendance.Configuration_TestNg" name="ValidationApp" time="35.746"/>
  <testcase classname="timesheet.Employee_Time_Sheet_TestNg" name="ValidationApp" time="65.677"/>
  <testcase classname="timesheet.My_Time_Sheet_TestNG" name="ValidationApp" time="38.041"/>
  <testcase classname="attendance.Punch_In_Out_TestNG" name="ValidationApp" time="41.896"/>
</testsuite> <!-- Smoke Test -->
