<?xml version="1.0" encoding="UTF-8"?>
<testng-results ignored="0" total="1" passed="1" failed="0" skipped="0">
  <reporter-output>
  </reporter-output>
  <suite started-at="2023-06-16T11:02:24Z" name="Default suite" finished-at="2023-06-16T11:02:54Z" duration-ms="29838">
    <groups>
    </groups>
    <test started-at="2023-06-16T11:02:24Z" name="Default test" finished-at="2023-06-16T11:02:54Z" duration-ms="29838">
      <class name="decimals.Decimal_To_Fraction_TestNG">
        <test-method is-config="true" signature="LaunchApp()[pri:0, instance:decimals.Decimal_To_Fraction_TestNG@54eb2b70]" started-at="2023-06-16T11:02:24Z" name="LaunchApp" finished-at="2023-06-16T11:02:32Z" duration-ms="8426" status="PASS">
          <reporter-output>
          </reporter-output>
        </test-method> <!-- LaunchApp -->
        <test-method signature="ValidationApp()[pri:0, instance:decimals.Decimal_To_Fraction_TestNG@54eb2b70]" started-at="2023-06-16T11:02:32Z" name="ValidationApp" finished-at="2023-06-16T11:02:53Z" duration-ms="20806" status="PASS">
          <reporter-output>
          </reporter-output>
        </test-method> <!-- ValidationApp -->
        <test-method is-config="true" signature="CloseApp()[pri:0, instance:decimals.Decimal_To_Fraction_TestNG@54eb2b70]" started-at="2023-06-16T11:02:53Z" name="CloseApp" finished-at="2023-06-16T11:02:54Z" duration-ms="574" status="PASS">
          <reporter-output>
          </reporter-output>
        </test-method> <!-- CloseApp -->
      </class> <!-- decimals.Decimal_To_Fraction_TestNG -->
    </test> <!-- Default test -->
  </suite> <!-- Default suite -->
</testng-results>
